{"numTotalTestSuites":98,"numPassedTestSuites":46,"numFailedTestSuites":52,"numPendingTestSuites":0,"numTotalTests":84,"numPassedTests":78,"numFailedTests":5,"numPendingTests":1,"numTodoTests":0,"snapshot":{"added":0,"failure":false,"filesAdded":0,"filesRemoved":0,"filesRemovedList":[],"filesUnmatched":0,"filesUpdated":0,"matched":0,"total":0,"unchecked":0,"uncheckedKeysByFile":[],"unmatched":0,"updated":0,"didUpdate":false},"startTime":1783663511141,"success":false,"testResults":[{"assertionResults":[{"ancestorTitles":["canonical apiClient (core/api/client)"],"fullName":"canonical apiClient (core/api/client) is an Axios instance","status":"passed","title":"is an Axios instance","duration":3.3792999999996027,"failureMessages":[],"meta":{}},{"ancestorTitles":["canonical apiClient (core/api/client)"],"fullName":"canonical apiClient (core/api/client) has withCredentials=true for HttpOnly cookie-based auth","status":"passed","title":"has withCredentials=true for HttpOnly cookie-based auth","duration":0.5833999999995285,"failureMessages":[],"meta":{}},{"ancestorTitles":["canonical apiClient (core/api/client)"],"fullName":"canonical apiClient (core/api/client) has correct base URL pointing to versioned API","status":"passed","title":"has correct base URL pointing to versioned API","duration":0.6460000000006403,"failureMessages":[],"meta":{}}],"startTime":1783663525464,"endTime":1783663525468.646,"status":"passed","message":"","name":"C:/PROJECT/yss_orbit/frontend/src/tests/axiosClient.test.ts"},{"assertionResults":[],"startTime":1783663511141,"endTime":1783663511141,"status":"failed","message":"Playwright Test did not expect test() to be called here.\nMost common reasons include:\n- You are calling test() in a configuration file.\n- You are calling test() in a file that is imported by the configuration file.\n- You have two different versions of @playwright/test. This usually happens\n  when one of the dependencies in your package.json depends on @playwright/test.\n- You are calling test() from an async test.describe() block. Only sync ones are supported.","name":"C:/PROJECT/yss_orbit/frontend/tests/e2e/auth.spec.ts"},{"assertionResults":[],"startTime":1783663511141,"endTime":1783663511141,"status":"failed","message":"Playwright Test did not expect test() to be called here.\nMost common reasons include:\n- You are calling test() in a configuration file.\n- You are calling test() in a file that is imported by the configuration file.\n- You have two different versions of @playwright/test. This usually happens\n  when one of the dependencies in your package.json depends on @playwright/test.\n- You are calling test() from an async test.describe() block. Only sync ones are supported.","name":"C:/PROJECT/yss_orbit/frontend/tests/e2e/tenant-flow.spec.ts"},{"assertionResults":[{"ancestorTitles":["HRMSPortalPage Component Integration"],"fullName":"HRMSPortalPage Component Integration renders employees, handles pagination, and adds a new employee","status":"skipped","title":"renders employees, handles pagination, and adds a new employee","failureMessages":[],"meta":{}}],"startTime":1783663511141,"endTime":1783663511141,"status":"passed","message":"","name":"C:/PROJECT/yss_orbit/frontend/src/tests/integration/hrmsPortal.test.tsx"},{"assertionResults":[{"ancestorTitles":["User Authentication Journey"],"fullName":"User Authentication Journey navigates from login to dashboard on successful login","status":"failed","title":"navigates from login to dashboard on successful login","duration":2452.0875000000015,"failureMessages":["TestingLibraryElementError: Unable to find an element with the placeholder text of: /Enter your email or username/i\n\nIgnored nodes: comments, script, style\n\u001b[36m<body>\u001b[39m\n  \u001b[36m<div>\u001b[39m\n    \u001b[36m<div\u001b[39m\n      \u001b[33mstyle\u001b[39m=\u001b[32m\"position: relative; width: 100%; min-height: 100vh; margin: 0px; padding: 0px; overflow: hidden; background: linear-gradient(145deg, rgb(238, 242, 255) 0%, rgb(240, 244, 255) 40%, rgb(250, 245, 255) 70%, rgb(248, 250, 255) 100%); font-family: \\\"Sora\\\", ui-sans-serif, system-ui, sans-serif; transition: background 0.45s; box-sizing: border-box;\"\u001b[39m\n    \u001b[36m>\u001b[39m\n      \u001b[36m<div\u001b[39m\n        \u001b[33maria-hidden\u001b[39m=\u001b[32m\"true\"\u001b[39m\n        \u001b[33mstyle\u001b[39m=\u001b[32m\"position: absolute; inset: 0px; pointer-events: none; z-index: 0; background: radial-gradient(65% 60% at 15% 40%, rgba(99, 102, 241, 0.09) 0%, transparent 65%), radial-gradient(50% 45% at 80% 70%, rgba(168, 85, 247, 0.06) 0%, transparent 60%); transition: background 0.45s;\"\u001b[39m\n      \u001b[36m/>\u001b[39m\n      \u001b[36m<button\u001b[39m\n        \u001b[33maria-label\u001b[39m=\u001b[32m\"Switch to dark mode\"\u001b[39m\n        \u001b[33mstyle\u001b[39m=\u001b[32m\"position: absolute; top: 1.25rem; right: 1.5rem; z-index: 50; display: flex; align-items: center; justify-content: center; width: 2.5rem; height: 2.5rem; border-radius: 50%; background: rgba(99, 102, 241, 0.09); border: 1.5px solid rgba(99, 102, 241, 0.22); color: rgb(67, 56, 202); cursor: pointer; backdrop-filter: blur(10px); transition: all 0.35s;\"\u001b[39m\n        \u001b[33mtype\u001b[39m=\u001b[32m\"button\"\u001b[39m\n      \u001b[36m>\u001b[39m\n        \u001b[36m<svg\u001b[39m\n          \u001b[33mclass\u001b[39m=\u001b[32m\"lucide lucide-moon\"\u001b[39m\n          \u001b[33mfill\u001b[39m=\u001b[32m\"none\"\u001b[39m\n          \u001b[33mheight\u001b[39m=\u001b[32m\"24\"\u001b[39m\n          \u001b[33mstroke\u001b[39m=\u001b[32m\"currentColor\"\u001b[39m\n          \u001b[33mstroke-linecap\u001b[39m=\u001b[32m\"round\"\u001b[39m\n          \u001b[33mstroke-linejoin\u001b[39m=\u001b[32m\"round\"\u001b[39m\n          \u001b[33mstroke-width\u001b[39m=\u001b[32m\"2\"\u001b[39m\n          \u001b[33mstyle\u001b[39m=\u001b[32m\"width: 1.1rem; height: 1.1rem;\"\u001b[39m\n          \u001b[33mviewBox\u001b[39m=\u001b[32m\"0 0 24 24\"\u001b[39m\n          \u001b[33mwidth\u001b[39m=\u001b[32m\"24\"\u001b[39m\n          \u001b[33mxmlns\u001b[39m=\u001b[32m\"http://www.w3.org/2000/svg\"\u001b[39m\n        \u001b[36m>\u001b[39m\n          \u001b[36m<path\u001b[39m\n            \u001b[33md\u001b[39m=\u001b[32m\"M12 3a6 6 0 0 0 9 9 9 9 0 1 1-9-9Z\"\u001b[39m\n          \u001b[36m/>\u001b[39m\n        \u001b[36m</svg>\u001b[39m\n      \u001b[36m</button>\u001b[39m\n      \u001b[36m<div\u001b[39m\n        \u001b[33mstyle\u001b[39m=\u001b[32m\"position: relative; z-index: 1; display: flex; width: 100%; min-height: 100vh;\"\u001b[39m\n      \u001b[36m>\u001b[39m\n        \u001b[36m<aside\u001b[39m\n          \u001b[33mclass\u001b[39m=\u001b[32m\"auth-left-panel\"\u001b[39m\n          \u001b[33mstyle\u001b[39m=\u001b[32m\"display: none; flex-direction: column; justify-content: space-between; width: 56%; max-width: 780px; flex-shrink: 0; position: relative;\"\u001b[39m\n        \u001b[36m>\u001b[39m\n          \u001b[36m<div\u001b[39m\n            \u001b[33mstyle\u001b[39m=\u001b[32m\"position: absolute; overflow: visible; right: -2%; top: 50%; transform: translateY(-50%); opacity: 0.9; transition: opacity 0.45s; z-index: 0; pointer-events: none;\"\u001b[39m\n          \u001b[36m>\u001b[39m\n            \u001b[36m<div\u001b[39m\n              \u001b[33mclass\u001b[39m=\u001b[32m\"relative w-full h-full aspect-square max-w-[520px] max-h-[520px] mx-auto animate-in fade-in zoom-in-95 duration-1000 delay-500 fill-mode-both\"\u001b[39m\n              \u001b[33mstyle\u001b[39m=\u001b[32m\"pointer-events: auto;\"\u001b[39m\n            \u001b[36m>\u001b[39m\n              \u001b[36m<svg\u001b[39m\n                \u001b[33mclass\u001b[39m=\u001b[32m\"absolute inset-0 w-full h-full\"\u001b[39m\n                \u001b[33mviewBox\u001b[39m=\u001b[32m\"0 0 520 520\"\u001b[39m\n              \u001b[36m>\u001b[39m\n                \u001b[36m<defs>\u001b[39m\n                  \u001b[36m<lineargradient\u001b[39m\n                    \u001b[33mid\u001b[39m=\u001b[32m\"ai-rg1\"\u001b[39m\n                    \u001b[33mx1\u001b[39m=\u001b[32m\"0%\"\u001b[39m\n                    \u001b[33mx2\u001b[39m=\u001b[32m\"100%\"\u001b[39m\n                    \u001b[33my1\u001b[39m=\u001b[32m\"0%\"\u001b[39m\n                    \u001b[33my2\u001b[39m=\u001b[32m\"100%\"\u001b[39m\n                  \u001b[36m>\u001b[39m\n                    \u001b[36m<stop\u001b[39m\n                      \u001b[33moffset\u001b[39m=\u001b[32m\"0%\"\u001b[39m\n                      \u001b[33mstop-color\u001b[39m=\u001b[32m\"#6366f1\"\u001b[39m\n                      \u001b[33mstop-opacity\u001b[39m=\u001b[32m\"1\"\u001b[39m\n                    \u001b[36m/>\u001b[39m\n                    \u001b[36m<stop\u001b[39m\n                      \u001b[33moffset\u001b[39m=\u001b[32m\"50%\"\u001b[39m\n                      \u001b[33mstop-color\u001b[39m=\u001b[32m\"#a78bfa\"\u001b[39m\n                      \u001b[33mstop-opacity\u001b[39m=\u001b[32m\"0.7\"\u001b[39m\n                    \u001b[36m/>\u001b[39m\n                    \u001b[36m<stop\u001b[39m\n                      \u001b[33moffset\u001b[39m=\u001b[32m\"100%\"\u001b[39m\n                      \u001b[33mstop-color\u001b[39m=\u001b[32m\"#06b6d4\"\u001b[39m\n                      \u001b[33mstop-opacity\u001b[39m=\u001b[32m\"1\"\u001b[39m\n                    \u001b[36m/>\u001b[39m\n                  \u001b[36m</lineargradient>\u001b[39m\n                  \u001b[36m<lineargradient\u001b[39m\n                    \u001b[33mid\u001b[39m=\u001b[32m\"ai-rg2\"\u001b[39m\n                    \u001b[33mx1\u001b[39m=\u001b[32m\"100%\"\u001b[39m\n                    \u001b[33mx2\u001b[39m=\u001b[32m\"0%\"\u001b[39m\n                    \u001b[33my1\u001b[39m=\u001b[32m\"0%\"\u001b[39m\n                    \u001b[33my2\u001b[39m=\u001b[32m\"100%\"\u001b[39m\n                  \u001b[36m>\u001b[39m\n                    \u001b[36m<stop\u001b[39m\n                      \u001b[33moffset\u001b[39m=\u001b[32m\"0%\"\u001b[39m\n                      \u001b[33mstop-color\u001b[39m=\u001b[32m\"#f59e0b\"\u001b[39m\n                      \u001b[33mstop-opacity\u001b[39m=\u001b[32m\"1\"\u001b[39m\n                    \u001b[36m/>\u001b[39m\n                    \u001b[36m<stop\u001b[39m\n                      \u001b[33moffset\u001b[39m=\u001b[32m\"50%\"\u001b[39m\n                      \u001b[33mstop-color\u001b[39m=\u001b[32m\"#f97316\"\u001b[39m\n                      \u001b[33mstop-opacity\u001b[39m=\u001b[32m\"0.6\"\u001b[39m\n                    \u001b[36m/>\u001b[39m\n                    \u001b[36m<stop\u001b[39m\n                      \u001b[33moffset\u001b[39m=\u001b[32m\"100%\"\u001b[39m\n                      \u001b[33mstop-color\u001b[39m=\u001b[32m\"#ec4899\"\u001b[39m\n                      \u001b[33mstop-opacity\u001b[39m=\u001b[32m\"1\"\u001b[39m\n                    \u001b[36m/>\u001b[39m\n                  \u001b[36m</lineargradient>\u001b[39m\n                  \u001b[36m<lineargradient\u001b[39m\n                    \u001b[33mid\u001b[39m=\u001b[32m\"ai-rg3\"\u001b[39m\n                    \u001b[33mx1\u001b[39m=\u001b[32m\"0%\"\u001b[39m\n                    \u001b[33mx2\u001b[39m=\u001b[32m\"100%\"\u001b[39m\n                    \u001b[33my1\u001b[39m=\u001b[32m\"100%\"\u001b[39m\n                    \u001b[33my2\u001b[39m=\u001b[32m\"0%\"\u001b[39m\n                  \u001b[36m>\u001b[39m\n                    \u001b[36m<stop\u001b[39m\n                      \u001b[33moffset\u001b[39m=\u001b[32m\"0%\"\u001b[39m\n                      \u001b[33mstop-color\u001b[39m=\u001b[32m\"#10b981\"\u001b[39m\n                      \u001b[33mstop-opacity\u001b[39m=\u001b[32m\"1\"\u001b[39m\n                    \u001b[36m/>\u001b[39m\n                    \u001b[36m<stop\u001b[39m\n                      \u001b[33moffset\u001b[39m=\u001b[32m\"100%\"\u001b[39m\n                      \u001b[33mstop-color\u001b[39m=\u001b[32m\"#3b82f6\"\u001b[39m\n                      \u001b[33mstop-opacity\u001b[39m=\u001b[32m\"1\"\u001b[39m\n                    \u001b[36m/>\u001b[39m\n                  \u001b[36m</lineargradient>\u001b[39m\n                  \u001b[36m<lineargradient\u001b[39m\n                    \u001b[33mid\u001b[39m=\u001b[32m\"lineGrad\"\u001b[39m\n                    \u001b[33mx1\u001b[39m=\u001b[32m\"0%\"\u001b[39m\n                    \u001b[33mx2\u001b[39m=\u001b[32m\"100%\"\u001b[39m\n                    \u001b[33my1\u001b[39m=\u001b[32m\"0%\"\u001b[39m\n                    \u001b[33my2\u001b[39m=\u001b[32m\"100%\"\u001b[39m\n                  \u001b[36m>\u001b[39m\n                    \u001b[36m<stop\u001b[39m\n                      \u001b[33mclass\u001b[39m=\u001b[32m\"text-blue-500\"\u001b[39m\n                      \u001b[33moffset\u001b[39m=\u001b[32m\"0%\"\u001b[39m\n                      \u001b[33mstop-color\u001b[39m=\u001b[32m\"currentColor\"\u001b[39m\n             ...\n    at Object.getElementError (C:\\PROJECT\\yss_orbit\\frontend\\node_modules\\@testing-library\\dom\\dist\\config.js:37:19)\n    at C:\\PROJECT\\yss_orbit\\frontend\\node_modules\\@testing-library\\dom\\dist\\query-helpers.js:76:38\n    at C:\\PROJECT\\yss_orbit\\frontend\\node_modules\\@testing-library\\dom\\dist\\query-helpers.js:52:17\n    at C:\\PROJECT\\yss_orbit\\frontend\\node_modules\\@testing-library\\dom\\dist\\query-helpers.js:95:19\n    at C:\\PROJECT\\yss_orbit\\frontend\\src\\tests\\integration\\userJourney.test.tsx:107:34\n    at file:///C:/PROJECT/yss_orbit/frontend/node_modules/@vitest/runner/dist/index.js:533:5\n    at runTest (file:///C:/PROJECT/yss_orbit/frontend/node_modules/@vitest/runner/dist/index.js:1056:11)\n    at runSuite (file:///C:/PROJECT/yss_orbit/frontend/node_modules/@vitest/runner/dist/index.js:1205:15)\n    at runSuite (file:///C:/PROJECT/yss_orbit/frontend/node_modules/@vitest/runner/dist/index.js:1205:15)\n    at runFiles (file:///C:/PROJECT/yss_orbit/frontend/node_modules/@vitest/runner/dist/index.js:1262:5)"],"meta":{}}],"startTime":1783663521161,"endTime":1783663523613.0874,"status":"failed","message":"","name":"C:/PROJECT/yss_orbit/frontend/src/tests/integration/userJourney.test.tsx"},{"assertionResults":[],"startTime":1783663511141,"endTime":1783663511141,"status":"failed","message":"No test suite found in file C:/PROJECT/yss_orbit/frontend/src/features/appraisal/tests/appraisalService.test.ts","name":"C:/PROJECT/yss_orbit/frontend/src/features/appraisal/tests/appraisalService.test.ts"},{"assertionResults":[],"startTime":1783663511141,"endTime":1783663511141,"status":"failed","message":"No test suite found in file C:/PROJECT/yss_orbit/frontend/src/features/appraisal/tests/appraisalStore.test.ts","name":"C:/PROJECT/yss_orbit/frontend/src/features/appraisal/tests/appraisalStore.test.ts"},{"assertionResults":[],"startTime":1783663511141,"endTime":1783663511141,"status":"failed","message":"No test suite found in file C:/PROJECT/yss_orbit/frontend/src/features/attendance/tests/attendanceService.test.ts","name":"C:/PROJECT/yss_orbit/frontend/src/features/attendance/tests/attendanceService.test.ts"},{"assertionResults":[],"startTime":1783663511141,"endTime":1783663511141,"status":"failed","message":"No test suite found in file C:/PROJECT/yss_orbit/frontend/src/features/attendance/tests/attendanceStore.test.ts","name":"C:/PROJECT/yss_orbit/frontend/src/features/attendance/tests/attendanceStore.test.ts"},{"assertionResults":[],"startTime":1783663511141,"endTime":1783663511141,"status":"failed","message":"No test suite found in file C:/PROJECT/yss_orbit/frontend/src/features/observability/tests/observabilityService.test.ts","name":"C:/PROJECT/yss_orbit/frontend/src/features/observability/tests/observabilityService.test.ts"},{"assertionResults":[],"startTime":1783663511141,"endTime":1783663511141,"status":"failed","message":"No test suite found in file C:/PROJECT/yss_orbit/frontend/src/features/observability/tests/observabilityStore.test.ts","name":"C:/PROJECT/yss_orbit/frontend/src/features/observability/tests/observabilityStore.test.ts"},{"assertionResults":[{"ancestorTitles":["organizationApi.getOrganizations"],"fullName":"organizationApi.getOrganizations unwraps paginated envelope","status":"passed","title":"unwraps paginated envelope","duration":6.79989999999998,"failureMessages":[],"meta":{}},{"ancestorTitles":["organizationApi.getOrganization"],"fullName":"organizationApi.getOrganization unwraps single org envelope","status":"passed","title":"unwraps single org envelope","duration":1.027299999999741,"failureMessages":[],"meta":{}}],"startTime":1783663524700,"endTime":1783663524709.0273,"status":"passed","message":"","name":"C:/PROJECT/yss_orbit/frontend/src/features/organization/tests/organizationApi.test.ts"},{"assertionResults":[{"ancestorTitles":["generateSlug"],"fullName":"generateSlug converts spaces to hyphens","status":"passed","title":"converts spaces to hyphens","duration":3.9173000000000684,"failureMessages":[],"meta":{}},{"ancestorTitles":["generateSlug"],"fullName":"generateSlug lowercases input","status":"passed","title":"lowercases input","duration":0.8122999999995955,"failureMessages":[],"meta":{}},{"ancestorTitles":["generateSlug"],"fullName":"generateSlug strips special chars","status":"passed","title":"strips special chars","duration":0.5982000000003609,"failureMessages":[],"meta":{}},{"ancestorTitles":["generateSlug"],"fullName":"generateSlug collapses multiple hyphens","status":"passed","title":"collapses multiple hyphens","duration":0.49729999999999563,"failureMessages":[],"meta":{}},{"ancestorTitles":["getOrgInitials"],"fullName":"getOrgInitials returns 2 initials for two-word name","status":"passed","title":"returns 2 initials for two-word name","duration":0.886199999999917,"failureMessages":[],"meta":{}},{"ancestorTitles":["getOrgInitials"],"fullName":"getOrgInitials returns 1 initial for single word","status":"passed","title":"returns 1 initial for single word","duration":0.6770000000005894,"failureMessages":[],"meta":{}},{"ancestorTitles":["isValidGST"],"fullName":"isValidGST accepts valid GST","status":"passed","title":"accepts valid GST","duration":0.7168000000001484,"failureMessages":[],"meta":{}},{"ancestorTitles":["isValidGST"],"fullName":"isValidGST rejects invalid GST","status":"passed","title":"rejects invalid GST","duration":0.5850000000000364,"failureMessages":[],"meta":{}},{"ancestorTitles":["isValidGST"],"fullName":"isValidGST rejects empty","status":"passed","title":"rejects empty","duration":0.6287000000002081,"failureMessages":[],"meta":{}},{"ancestorTitles":["isValidPAN"],"fullName":"isValidPAN accepts valid PAN","status":"passed","title":"accepts valid PAN","duration":0.7725000000000364,"failureMessages":[],"meta":{}},{"ancestorTitles":["isValidPAN"],"fullName":"isValidPAN rejects lowercase","status":"passed","title":"rejects lowercase","duration":0.8368000000000393,"failureMessages":[],"meta":{}},{"ancestorTitles":["isValidPAN"],"fullName":"isValidPAN rejects too short","status":"passed","title":"rejects too short","duration":0.5576999999993859,"failureMessages":[],"meta":{}},{"ancestorTitles":["maskPAN"],"fullName":"maskPAN masks middle chars","status":"passed","title":"masks middle chars","duration":1.2941000000000713,"failureMessages":[],"meta":{}},{"ancestorTitles":["getCurrencySymbol"],"fullName":"getCurrencySymbol returns ₹ for INR","status":"passed","title":"returns ₹ for INR","duration":0.6481999999996333,"failureMessages":[],"meta":{}},{"ancestorTitles":["getCurrencySymbol"],"fullName":"getCurrencySymbol returns $ for USD","status":"passed","title":"returns $ for USD","duration":0.44290000000000873,"failureMessages":[],"meta":{}},{"ancestorTitles":["getCurrencySymbol"],"fullName":"getCurrencySymbol returns code for unknown","status":"passed","title":"returns code for unknown","duration":0.41340000000036525,"failureMessages":[],"meta":{}},{"ancestorTitles":["deriveOrgStatus"],"fullName":"deriveOrgStatus returns active","status":"passed","title":"returns active","duration":0.4849000000003798,"failureMessages":[],"meta":{}},{"ancestorTitles":["deriveOrgStatus"],"fullName":"deriveOrgStatus returns inactive","status":"passed","title":"returns inactive","duration":0.4933000000000902,"failureMessages":[],"meta":{}},{"ancestorTitles":["deriveOrgStatus"],"fullName":"deriveOrgStatus returns deleted","status":"passed","title":"returns deleted","duration":0.44510000000082073,"failureMessages":[],"meta":{}}],"startTime":1783663518940,"endTime":1783663518959.445,"status":"passed","message":"","name":"C:/PROJECT/yss_orbit/frontend/src/features/organization/tests/organizationHelpers.test.ts"},{"assertionResults":[],"startTime":1783663511141,"endTime":1783663511141,"status":"failed","message":"No test suite found in file C:/PROJECT/yss_orbit/frontend/src/features/organization/tests/organizationService.test.ts","name":"C:/PROJECT/yss_orbit/frontend/src/features/organization/tests/organizationService.test.ts"},{"assertionResults":[{"ancestorTitles":["OrganizationUIStore"],"fullName":"OrganizationUIStore opens create modal","status":"passed","title":"opens create modal","duration":4.848399999999856,"failureMessages":[],"meta":{}},{"ancestorTitles":["OrganizationUIStore"],"fullName":"OrganizationUIStore opens edit modal with org","status":"passed","title":"opens edit modal with org","duration":1.0344999999997526,"failureMessages":[],"meta":{}},{"ancestorTitles":["OrganizationUIStore"],"fullName":"OrganizationUIStore closes modal","status":"passed","title":"closes modal","duration":0.9334000000008018,"failureMessages":[],"meta":{}},{"ancestorTitles":["OrganizationUIStore"],"fullName":"OrganizationUIStore sets view mode","status":"passed","title":"sets view mode","duration":0.6836000000002969,"failureMessages":[],"meta":{}}],"startTime":1783663525413,"endTime":1783663525420.6836,"status":"passed","message":"","name":"C:/PROJECT/yss_orbit/frontend/src/features/organization/tests/organizationStore.test.ts"},{"assertionResults":[],"startTime":1783663511141,"endTime":1783663511141,"status":"failed","message":"No test suite found in file C:/PROJECT/yss_orbit/frontend/src/features/payroll/tests/payrollService.test.ts","name":"C:/PROJECT/yss_orbit/frontend/src/features/payroll/tests/payrollService.test.ts"},{"assertionResults":[],"startTime":1783663511141,"endTime":1783663511141,"status":"failed","message":"No test suite found in file C:/PROJECT/yss_orbit/frontend/src/features/payroll/tests/payrollStore.test.ts","name":"C:/PROJECT/yss_orbit/frontend/src/features/payroll/tests/payrollStore.test.ts"},{"assertionResults":[],"startTime":1783663511141,"endTime":1783663511141,"status":"failed","message":"No test suite found in file C:/PROJECT/yss_orbit/frontend/src/features/recruitment/tests/recruitmentService.test.ts","name":"C:/PROJECT/yss_orbit/frontend/src/features/recruitment/tests/recruitmentService.test.ts"},{"assertionResults":[],"startTime":1783663511141,"endTime":1783663511141,"status":"failed","message":"No test suite found in file C:/PROJECT/yss_orbit/frontend/src/features/recruitment/tests/recruitmentStore.test.ts","name":"C:/PROJECT/yss_orbit/frontend/src/features/recruitment/tests/recruitmentStore.test.ts"},{"assertionResults":[],"startTime":1783663511141,"endTime":1783663511141,"status":"failed","message":"No test suite found in file C:/PROJECT/yss_orbit/frontend/src/features/compliance/audit/tests/auditService.test.ts","name":"C:/PROJECT/yss_orbit/frontend/src/features/compliance/audit/tests/auditService.test.ts"},{"assertionResults":[],"startTime":1783663511141,"endTime":1783663511141,"status":"failed","message":"No test suite found in file C:/PROJECT/yss_orbit/frontend/src/features/compliance/audit/tests/auditStore.test.ts","name":"C:/PROJECT/yss_orbit/frontend/src/features/compliance/audit/tests/auditStore.test.ts"},{"assertionResults":[],"startTime":1783663511141,"endTime":1783663511141,"status":"failed","message":"No test suite found in file C:/PROJECT/yss_orbit/frontend/src/features/compliance/errorLog/tests/errorLogService.test.ts","name":"C:/PROJECT/yss_orbit/frontend/src/features/compliance/errorLog/tests/errorLogService.test.ts"},{"assertionResults":[],"startTime":1783663511141,"endTime":1783663511141,"status":"failed","message":"No test suite found in file C:/PROJECT/yss_orbit/frontend/src/features/compliance/errorLog/tests/errorLogStore.test.ts","name":"C:/PROJECT/yss_orbit/frontend/src/features/compliance/errorLog/tests/errorLogStore.test.ts"},{"assertionResults":[{"ancestorTitles":["userService"],"fullName":"userService should be defined","status":"passed","title":"should be defined","duration":5.520199999999932,"failureMessages":[],"meta":{}},{"ancestorTitles":["userService"],"fullName":"userService should initialize correctly","status":"passed","title":"should initialize correctly","duration":1.0063000000000102,"failureMessages":[],"meta":{}}],"startTime":1783663526860,"endTime":1783663526867.0063,"status":"passed","message":"","name":"C:/PROJECT/yss_orbit/frontend/src/features/iam/users/tests/userService.test.ts"},{"assertionResults":[],"startTime":1783663511141,"endTime":1783663511141,"status":"failed","message":"No test suite found in file C:/PROJECT/yss_orbit/frontend/src/features/iam/users/tests/userStore.test.ts","name":"C:/PROJECT/yss_orbit/frontend/src/features/iam/users/tests/userStore.test.ts"},{"assertionResults":[],"startTime":1783663511141,"endTime":1783663511141,"status":"failed","message":"No test suite found in file C:/PROJECT/yss_orbit/frontend/src/features/observability/dashboard/tests/dashboardService.test.ts","name":"C:/PROJECT/yss_orbit/frontend/src/features/observability/dashboard/tests/dashboardService.test.ts"},{"assertionResults":[],"startTime":1783663511141,"endTime":1783663511141,"status":"failed","message":"No test suite found in file C:/PROJECT/yss_orbit/frontend/src/features/observability/dashboard/tests/dashboardStore.test.ts","name":"C:/PROJECT/yss_orbit/frontend/src/features/observability/dashboard/tests/dashboardStore.test.ts"},{"assertionResults":[],"startTime":1783663511141,"endTime":1783663511141,"status":"failed","message":"No test suite found in file C:/PROJECT/yss_orbit/frontend/src/features/observability/health/tests/healthService.test.ts","name":"C:/PROJECT/yss_orbit/frontend/src/features/observability/health/tests/healthService.test.ts"},{"assertionResults":[],"startTime":1783663511141,"endTime":1783663511141,"status":"failed","message":"No test suite found in file C:/PROJECT/yss_orbit/frontend/src/features/observability/health/tests/healthStore.test.ts","name":"C:/PROJECT/yss_orbit/frontend/src/features/observability/health/tests/healthStore.test.ts"},{"assertionResults":[{"ancestorTitles":["businessUnitApi.getMany"],"fullName":"businessUnitApi.getMany unwraps paginated envelope with meta stats","status":"passed","title":"unwraps paginated envelope with meta stats","duration":7.39220000000023,"failureMessages":[],"meta":{}},{"ancestorTitles":["businessUnitApi.getMany"],"fullName":"businessUnitApi.getMany handles plain list response without pagination","status":"passed","title":"handles plain list response without pagination","duration":1.145499999999629,"failureMessages":[],"meta":{}},{"ancestorTitles":["businessUnitApi.getMany"],"fullName":"businessUnitApi.getMany passes query params to apiClient","status":"passed","title":"passes query params to apiClient","duration":4.764000000000124,"failureMessages":[],"meta":{}},{"ancestorTitles":["businessUnitApi.getMany"],"fullName":"businessUnitApi.getMany strips undefined params","status":"passed","title":"strips undefined params","duration":0.8524000000006708,"failureMessages":[],"meta":{}},{"ancestorTitles":["businessUnitApi.getOne"],"fullName":"businessUnitApi.getOne unwraps single BU envelope","status":"passed","title":"unwraps single BU envelope","duration":0.8989000000001397,"failureMessages":[],"meta":{}},{"ancestorTitles":["businessUnitApi.create"],"fullName":"businessUnitApi.create posts payload and returns created BU","status":"passed","title":"posts payload and returns created BU","duration":5.917500000000473,"failureMessages":[],"meta":{}},{"ancestorTitles":["businessUnitApi.update"],"fullName":"businessUnitApi.update patches and returns updated BU","status":"passed","title":"patches and returns updated BU","duration":0.7836999999999534,"failureMessages":[],"meta":{}},{"ancestorTitles":["businessUnitApi.delete"],"fullName":"businessUnitApi.delete calls DELETE endpoint (triggers soft-delete on backend)","status":"failed","title":"calls DELETE endpoint (triggers soft-delete on backend)","duration":21.333300000000236,"failureMessages":["AssertionError: expected \"spy\" to be called with arguments: [ '/business-units/bu-uuid-123/' ]\u001b[90m\n\nReceived: \n\n\u001b[1m  1st spy call:\n\n\u001b[22m\u001b[2m  Array [\u001b[22m\n\u001b[2m    \"/business-units/bu-uuid-123/\",\u001b[22m\n\u001b[31m+   Object {\u001b[90m\n\u001b[31m+     \"data\": undefined,\u001b[90m\n\u001b[31m+   },\u001b[90m\n\u001b[2m  ]\u001b[22m\n\u001b[39m\u001b[90m\n\nNumber of calls: \u001b[1m1\u001b[22m\n\u001b[39m\n    at Proxy.<anonymous> (file:///C:/PROJECT/yss_orbit/frontend/node_modules/@vitest/expect/dist/index.js:1465:13)\n    at Proxy.<anonymous> (file:///C:/PROJECT/yss_orbit/frontend/node_modules/@vitest/expect/dist/index.js:972:17)\n    at Proxy.methodWrapper (file:///C:/PROJECT/yss_orbit/frontend/node_modules/chai/index.js:1686:25)\n    at C:\\PROJECT\\yss_orbit\\frontend\\src\\features\\organization\\businessUnit\\tests\\businessUnitService.test.ts:156:30\n    at processTicksAndRejections (node:internal/process/task_queues:104:5)\n    at file:///C:/PROJECT/yss_orbit/frontend/node_modules/@vitest/runner/dist/index.js:533:5\n    at runTest (file:///C:/PROJECT/yss_orbit/frontend/node_modules/@vitest/runner/dist/index.js:1056:11)\n    at runSuite (file:///C:/PROJECT/yss_orbit/frontend/node_modules/@vitest/runner/dist/index.js:1205:15)\n    at runSuite (file:///C:/PROJECT/yss_orbit/frontend/node_modules/@vitest/runner/dist/index.js:1205:15)\n    at runFiles (file:///C:/PROJECT/yss_orbit/frontend/node_modules/@vitest/runner/dist/index.js:1262:5)"],"meta":{}},{"ancestorTitles":["businessUnitApi.restore"],"fullName":"businessUnitApi.restore posts to restore endpoint and returns restored BU","status":"failed","title":"posts to restore endpoint and returns restored BU","duration":5.979499999999462,"failureMessages":["AssertionError: expected \"spy\" to be called with arguments: [ Array(1) ]\u001b[90m\n\nReceived: \n\n\u001b[1m  1st spy call:\n\n\u001b[22m\u001b[2m  Array [\u001b[22m\n\u001b[32m-   \"/business-units/bu-uuid-123/restore/\",\u001b[90m\n\u001b[31m+   \"/business-units/\",\u001b[90m\n\u001b[31m+   Object {\u001b[90m\n\u001b[31m+     \"code\": \"MAIN01\",\u001b[90m\n\u001b[31m+     \"name\": \"Main Store\",\u001b[90m\n\u001b[31m+   },\u001b[90m\n\u001b[2m  ]\u001b[22m\n\n\u001b[1m  2nd spy call:\n\n\u001b[22m\u001b[2m  Array [\u001b[22m\n\u001b[2m    \"/business-units/bu-uuid-123/restore/\",\u001b[22m\n\u001b[31m+   Object {},\u001b[90m\n\u001b[2m  ]\u001b[22m\n\u001b[39m\u001b[90m\n\nNumber of calls: \u001b[1m2\u001b[22m\n\u001b[39m\n    at Proxy.<anonymous> (file:///C:/PROJECT/yss_orbit/frontend/node_modules/@vitest/expect/dist/index.js:1465:13)\n    at Proxy.<anonymous> (file:///C:/PROJECT/yss_orbit/frontend/node_modules/@vitest/expect/dist/index.js:972:17)\n    at Proxy.methodWrapper (file:///C:/PROJECT/yss_orbit/frontend/node_modules/chai/index.js:1686:25)\n    at C:\\PROJECT\\yss_orbit\\frontend\\src\\features\\organization\\businessUnit\\tests\\businessUnitService.test.ts:168:28\n    at processTicksAndRejections (node:internal/process/task_queues:104:5)\n    at file:///C:/PROJECT/yss_orbit/frontend/node_modules/@vitest/runner/dist/index.js:533:5\n    at runTest (file:///C:/PROJECT/yss_orbit/frontend/node_modules/@vitest/runner/dist/index.js:1056:11)\n    at runSuite (file:///C:/PROJECT/yss_orbit/frontend/node_modules/@vitest/runner/dist/index.js:1205:15)\n    at runSuite (file:///C:/PROJECT/yss_orbit/frontend/node_modules/@vitest/runner/dist/index.js:1205:15)\n    at runFiles (file:///C:/PROJECT/yss_orbit/frontend/node_modules/@vitest/runner/dist/index.js:1262:5)"],"meta":{}}],"startTime":1783663518635,"endTime":1783663518689.9795,"status":"failed","message":"","name":"C:/PROJECT/yss_orbit/frontend/src/features/organization/businessUnit/tests/businessUnitService.test.ts"},{"assertionResults":[{"ancestorTitles":["BusinessUnitUIStore — modal state"],"fullName":"BusinessUnitUIStore — modal state opens create modal with null editingBu","status":"passed","title":"opens create modal with null editingBu","duration":4.786699999999655,"failureMessages":[],"meta":{}},{"ancestorTitles":["BusinessUnitUIStore — modal state"],"fullName":"BusinessUnitUIStore — modal state opens edit modal with the provided BU","status":"passed","title":"opens edit modal with the provided BU","duration":1.0743000000002212,"failureMessages":[],"meta":{}},{"ancestorTitles":["BusinessUnitUIStore — modal state"],"fullName":"BusinessUnitUIStore — modal state closes modal and clears editingBu","status":"passed","title":"closes modal and clears editingBu","duration":1.470100000000457,"failureMessages":[],"meta":{}},{"ancestorTitles":["BusinessUnitUIStore — selectedBuId"],"fullName":"BusinessUnitUIStore — selectedBuId sets and clears selectedBuId","status":"passed","title":"sets and clears selectedBuId","duration":0.6181000000005952,"failureMessages":[],"meta":{}},{"ancestorTitles":["BusinessUnitUIStore — view mode"],"fullName":"BusinessUnitUIStore — view mode defaults to table view","status":"passed","title":"defaults to table view","duration":0.4394000000002052,"failureMessages":[],"meta":{}},{"ancestorTitles":["BusinessUnitUIStore — view mode"],"fullName":"BusinessUnitUIStore — view mode switches to grid view","status":"passed","title":"switches to grid view","duration":0.7208000000000538,"failureMessages":[],"meta":{}},{"ancestorTitles":["BusinessUnitUIStore — saved params"],"fullName":"BusinessUnitUIStore — saved params defaults to page 1, page_size 20, ordering name","status":"passed","title":"defaults to page 1, page_size 20, ordering name","duration":0.8221999999996115,"failureMessages":[],"meta":{}},{"ancestorTitles":["BusinessUnitUIStore — saved params"],"fullName":"BusinessUnitUIStore — saved params persists saved params","status":"passed","title":"persists saved params","duration":0.6805999999996857,"failureMessages":[],"meta":{}},{"ancestorTitles":["BusinessUnitUIStore — saved params"],"fullName":"BusinessUnitUIStore — saved params resetParams restores defaults","status":"passed","title":"resetParams restores defaults","duration":0.5937999999996464,"failureMessages":[],"meta":{}},{"ancestorTitles":["BusinessUnitUIStore — confirm dialog"],"fullName":"BusinessUnitUIStore — confirm dialog opens confirm dialog with options","status":"passed","title":"opens confirm dialog with options","duration":1.0455000000001746,"failureMessages":[],"meta":{}},{"ancestorTitles":["BusinessUnitUIStore — confirm dialog"],"fullName":"BusinessUnitUIStore — confirm dialog closes confirm dialog","status":"passed","title":"closes confirm dialog","duration":0.8218000000006214,"failureMessages":[],"meta":{}}],"startTime":1783663518651,"endTime":1783663518665.8218,"status":"passed","message":"","name":"C:/PROJECT/yss_orbit/frontend/src/features/organization/businessUnit/tests/businessUnitStore.test.ts"},{"assertionResults":[{"ancestorTitles":["userBusinessUnitService"],"fullName":"userBusinessUnitService should be defined","status":"passed","title":"should be defined","duration":3.3454000000001543,"failureMessages":[],"meta":{}},{"ancestorTitles":["userBusinessUnitService"],"fullName":"userBusinessUnitService should initialize correctly","status":"passed","title":"should initialize correctly","duration":1.059900000000198,"failureMessages":[],"meta":{}}],"startTime":1783663526249,"endTime":1783663526254.0598,"status":"passed","message":"","name":"C:/PROJECT/yss_orbit/frontend/src/features/organization/userBusinessUnit/tests/userBusinessUnitService.test.ts"},{"assertionResults":[],"startTime":1783663511141,"endTime":1783663511141,"status":"failed","message":"No test suite found in file C:/PROJECT/yss_orbit/frontend/src/features/organization/userBusinessUnit/tests/userBusinessUnitStore.test.ts","name":"C:/PROJECT/yss_orbit/frontend/src/features/organization/userBusinessUnit/tests/userBusinessUnitStore.test.ts"},{"assertionResults":[{"ancestorTitles":["brandingService.test"],"fullName":"brandingService.test should be defined","status":"passed","title":"should be defined","duration":3.503799999999501,"failureMessages":[],"meta":{}}],"startTime":1783663530663,"endTime":1783663530666.504,"status":"passed","message":"","name":"C:/PROJECT/yss_orbit/frontend/src/features/platform/branding/tests/brandingService.test.ts"},{"assertionResults":[{"ancestorTitles":["brandingStore.test"],"fullName":"brandingStore.test should be defined","status":"passed","title":"should be defined","duration":3.76549999999952,"failureMessages":[],"meta":{}}],"startTime":1783663532355,"endTime":1783663532358.7654,"status":"passed","message":"","name":"C:/PROJECT/yss_orbit/frontend/src/features/platform/branding/tests/brandingStore.test.ts"},{"assertionResults":[],"startTime":1783663511141,"endTime":1783663511141,"status":"failed","message":"No test suite found in file C:/PROJECT/yss_orbit/frontend/src/features/platform/featureFlags/tests/featureFlagsService.test.ts","name":"C:/PROJECT/yss_orbit/frontend/src/features/platform/featureFlags/tests/featureFlagsService.test.ts"},{"assertionResults":[],"startTime":1783663511141,"endTime":1783663511141,"status":"failed","message":"No test suite found in file C:/PROJECT/yss_orbit/frontend/src/features/platform/featureFlags/tests/featureFlagsStore.test.ts","name":"C:/PROJECT/yss_orbit/frontend/src/features/platform/featureFlags/tests/featureFlagsStore.test.ts"},{"assertionResults":[],"startTime":1783663511141,"endTime":1783663511141,"status":"failed","message":"No test suite found in file C:/PROJECT/yss_orbit/frontend/src/features/platform/fileStorage/tests/fileStorageService.test.ts","name":"C:/PROJECT/yss_orbit/frontend/src/features/platform/fileStorage/tests/fileStorageService.test.ts"},{"assertionResults":[],"startTime":1783663511141,"endTime":1783663511141,"status":"failed","message":"No test suite found in file C:/PROJECT/yss_orbit/frontend/src/features/platform/fileStorage/tests/fileStorageStore.test.ts","name":"C:/PROJECT/yss_orbit/frontend/src/features/platform/fileStorage/tests/fileStorageStore.test.ts"},{"assertionResults":[],"startTime":1783663511141,"endTime":1783663511141,"status":"failed","message":"No test suite found in file C:/PROJECT/yss_orbit/frontend/src/features/platform/integration/tests/integrationService.test.ts","name":"C:/PROJECT/yss_orbit/frontend/src/features/platform/integration/tests/integrationService.test.ts"},{"assertionResults":[],"startTime":1783663511141,"endTime":1783663511141,"status":"failed","message":"No test suite found in file C:/PROJECT/yss_orbit/frontend/src/features/platform/integration/tests/integrationStore.test.ts","name":"C:/PROJECT/yss_orbit/frontend/src/features/platform/integration/tests/integrationStore.test.ts"},{"assertionResults":[],"startTime":1783663511141,"endTime":1783663511141,"status":"failed","message":"No test suite found in file C:/PROJECT/yss_orbit/frontend/src/features/platform/notifications/tests/notificationService.test.ts","name":"C:/PROJECT/yss_orbit/frontend/src/features/platform/notifications/tests/notificationService.test.ts"},{"assertionResults":[],"startTime":1783663511141,"endTime":1783663511141,"status":"failed","message":"No test suite found in file C:/PROJECT/yss_orbit/frontend/src/features/platform/notifications/tests/notificationStore.test.ts","name":"C:/PROJECT/yss_orbit/frontend/src/features/platform/notifications/tests/notificationStore.test.ts"},{"assertionResults":[],"startTime":1783663511141,"endTime":1783663511141,"status":"failed","message":"No test suite found in file C:/PROJECT/yss_orbit/frontend/src/features/platform/platformAdmin/tests/platformAdminService.test.ts","name":"C:/PROJECT/yss_orbit/frontend/src/features/platform/platformAdmin/tests/platformAdminService.test.ts"},{"assertionResults":[],"startTime":1783663511141,"endTime":1783663511141,"status":"failed","message":"No test suite found in file C:/PROJECT/yss_orbit/frontend/src/features/platform/platformAdmin/tests/platformAdminStore.test.ts","name":"C:/PROJECT/yss_orbit/frontend/src/features/platform/platformAdmin/tests/platformAdminStore.test.ts"},{"assertionResults":[],"startTime":1783663511141,"endTime":1783663511141,"status":"failed","message":"No test suite found in file C:/PROJECT/yss_orbit/frontend/src/features/platform/support/tests/supportService.test.ts","name":"C:/PROJECT/yss_orbit/frontend/src/features/platform/support/tests/supportService.test.ts"},{"assertionResults":[],"startTime":1783663511141,"endTime":1783663511141,"status":"failed","message":"No test suite found in file C:/PROJECT/yss_orbit/frontend/src/features/platform/support/tests/supportStore.test.ts","name":"C:/PROJECT/yss_orbit/frontend/src/features/platform/support/tests/supportStore.test.ts"},{"assertionResults":[],"startTime":1783663511141,"endTime":1783663511141,"status":"failed","message":"No test suite found in file C:/PROJECT/yss_orbit/frontend/src/features/tenancy/moduleRegistry/tests/moduleRegistryService.test.ts","name":"C:/PROJECT/yss_orbit/frontend/src/features/tenancy/moduleRegistry/tests/moduleRegistryService.test.ts"},{"assertionResults":[],"startTime":1783663511141,"endTime":1783663511141,"status":"failed","message":"No test suite found in file C:/PROJECT/yss_orbit/frontend/src/features/tenancy/moduleRegistry/tests/moduleRegistryStore.test.ts","name":"C:/PROJECT/yss_orbit/frontend/src/features/tenancy/moduleRegistry/tests/moduleRegistryStore.test.ts"},{"assertionResults":[],"startTime":1783663511141,"endTime":1783663511141,"status":"failed","message":"No test suite found in file C:/PROJECT/yss_orbit/frontend/src/features/tenancy/subscription/tests/subscriptionService.test.ts","name":"C:/PROJECT/yss_orbit/frontend/src/features/tenancy/subscription/tests/subscriptionService.test.ts"},{"assertionResults":[],"startTime":1783663511141,"endTime":1783663511141,"status":"failed","message":"No test suite found in file C:/PROJECT/yss_orbit/frontend/src/features/tenancy/subscription/tests/subscriptionStore.test.ts","name":"C:/PROJECT/yss_orbit/frontend/src/features/tenancy/subscription/tests/subscriptionStore.test.ts"},{"assertionResults":[],"startTime":1783663511141,"endTime":1783663511141,"status":"failed","message":"No test suite found in file C:/PROJECT/yss_orbit/frontend/src/features/tenancy/tenantModule/tests/tenantModuleService.test.ts","name":"C:/PROJECT/yss_orbit/frontend/src/features/tenancy/tenantModule/tests/tenantModuleService.test.ts"},{"assertionResults":[],"startTime":1783663511141,"endTime":1783663511141,"status":"failed","message":"No test suite found in file C:/PROJECT/yss_orbit/frontend/src/features/tenancy/tenantModule/tests/tenantModuleStore.test.ts","name":"C:/PROJECT/yss_orbit/frontend/src/features/tenancy/tenantModule/tests/tenantModuleStore.test.ts"},{"assertionResults":[],"startTime":1783663511141,"endTime":1783663511141,"status":"failed","message":"No test suite found in file C:/PROJECT/yss_orbit/frontend/src/features/tenancy/tenantSettings/tests/tenantSettingsService.test.ts","name":"C:/PROJECT/yss_orbit/frontend/src/features/tenancy/tenantSettings/tests/tenantSettingsService.test.ts"},{"assertionResults":[],"startTime":1783663511141,"endTime":1783663511141,"status":"failed","message":"No test suite found in file C:/PROJECT/yss_orbit/frontend/src/features/tenancy/tenantSettings/tests/tenantSettingsStore.test.ts","name":"C:/PROJECT/yss_orbit/frontend/src/features/tenancy/tenantSettings/tests/tenantSettingsStore.test.ts"},{"assertionResults":[{"ancestorTitles":["businessDomainApi",".permanentDelete(id, confirmationName)"],"fullName":"businessDomainApi .permanentDelete(id, confirmationName) calls DELETE with ?hard=true and confirmation_name in body","status":"passed","title":"calls DELETE with ?hard=true and confirmation_name in body","duration":18.632800000000316,"failureMessages":[],"meta":{}},{"ancestorTitles":["businessDomainApi",".permanentDelete(id, confirmationName)"],"fullName":"businessDomainApi .permanentDelete(id, confirmationName) propagates network errors","status":"passed","title":"propagates network errors","duration":5.253500000000713,"failureMessages":[],"meta":{}},{"ancestorTitles":["businessDomainApi",".delete(id)"],"fullName":"businessDomainApi .delete(id) calls plain DELETE without ?hard flag","status":"failed","title":"calls plain DELETE without ?hard flag","duration":29.03150000000005,"failureMessages":["AssertionError: expected \"spy\" to be called with arguments: [ '/business-domains/domain-456/' ]\u001b[90m\n\nReceived: \n\n\u001b[1m  1st spy call:\n\n\u001b[22m\u001b[2m  Array [\u001b[22m\n\u001b[2m    \"/business-domains/domain-456/\",\u001b[22m\n\u001b[31m+   Object {\u001b[90m\n\u001b[31m+     \"data\": Object {\u001b[90m\n\u001b[31m+       \"reason\": undefined,\u001b[90m\n\u001b[31m+     },\u001b[90m\n\u001b[31m+   },\u001b[90m\n\u001b[2m  ]\u001b[22m\n\u001b[39m\u001b[90m\n\nNumber of calls: \u001b[1m1\u001b[22m\n\u001b[39m\n    at Proxy.<anonymous> (file:///C:/PROJECT/yss_orbit/frontend/node_modules/@vitest/expect/dist/index.js:1465:13)\n    at Proxy.<anonymous> (file:///C:/PROJECT/yss_orbit/frontend/node_modules/@vitest/expect/dist/index.js:972:17)\n    at Proxy.methodWrapper (file:///C:/PROJECT/yss_orbit/frontend/node_modules/chai/index.js:1686:25)\n    at C:\\PROJECT\\yss_orbit\\frontend\\src\\features\\organization\\businessDomain\\api\\__tests__\\useBusinessDomains.test.ts:74:26\n    at processTicksAndRejections (node:internal/process/task_queues:104:5)\n    at file:///C:/PROJECT/yss_orbit/frontend/node_modules/@vitest/runner/dist/index.js:533:5\n    at runTest (file:///C:/PROJECT/yss_orbit/frontend/node_modules/@vitest/runner/dist/index.js:1056:11)\n    at runSuite (file:///C:/PROJECT/yss_orbit/frontend/node_modules/@vitest/runner/dist/index.js:1205:15)\n    at runSuite (file:///C:/PROJECT/yss_orbit/frontend/node_modules/@vitest/runner/dist/index.js:1205:15)\n    at runSuite (file:///C:/PROJECT/yss_orbit/frontend/node_modules/@vitest/runner/dist/index.js:1205:15)"],"meta":{}},{"ancestorTitles":["businessDomainApi",".restore(id)"],"fullName":"businessDomainApi .restore(id) calls POST /restore/","status":"failed","title":"calls POST /restore/","duration":7.552899999999681,"failureMessages":["AssertionError: expected \"spy\" to be called with arguments: [ Array(1) ]\u001b[90m\n\nReceived: \n\n\u001b[1m  1st spy call:\n\n\u001b[22m\u001b[2m  Array [\u001b[22m\n\u001b[2m    \"/business-domains/domain-789/restore/\",\u001b[22m\n\u001b[31m+   Object {\u001b[90m\n\u001b[31m+     \"reason\": undefined,\u001b[90m\n\u001b[31m+   },\u001b[90m\n\u001b[2m  ]\u001b[22m\n\u001b[39m\u001b[90m\n\nNumber of calls: \u001b[1m1\u001b[22m\n\u001b[39m\n    at Proxy.<anonymous> (file:///C:/PROJECT/yss_orbit/frontend/node_modules/@vitest/expect/dist/index.js:1465:13)\n    at Proxy.<anonymous> (file:///C:/PROJECT/yss_orbit/frontend/node_modules/@vitest/expect/dist/index.js:972:17)\n    at Proxy.methodWrapper (file:///C:/PROJECT/yss_orbit/frontend/node_modules/chai/index.js:1686:25)\n    at C:\\PROJECT\\yss_orbit\\frontend\\src\\features\\organization\\businessDomain\\api\\__tests__\\useBusinessDomains.test.ts:90:24\n    at processTicksAndRejections (node:internal/process/task_queues:104:5)\n    at file:///C:/PROJECT/yss_orbit/frontend/node_modules/@vitest/runner/dist/index.js:533:5\n    at runTest (file:///C:/PROJECT/yss_orbit/frontend/node_modules/@vitest/runner/dist/index.js:1056:11)\n    at runSuite (file:///C:/PROJECT/yss_orbit/frontend/node_modules/@vitest/runner/dist/index.js:1205:15)\n    at runSuite (file:///C:/PROJECT/yss_orbit/frontend/node_modules/@vitest/runner/dist/index.js:1205:15)\n    at runSuite (file:///C:/PROJECT/yss_orbit/frontend/node_modules/@vitest/runner/dist/index.js:1205:15)"],"meta":{}},{"ancestorTitles":["businessDomainApi",".create(payload)"],"fullName":"businessDomainApi .create(payload) sends POST to base URL with payload","status":"passed","title":"sends POST to base URL with payload","duration":4.819900000000416,"failureMessages":[],"meta":{}},{"ancestorTitles":["businessDomainApi",".update(id, payload)"],"fullName":"businessDomainApi .update(id, payload) sends PATCH to domain URL","status":"passed","title":"sends PATCH to domain URL","duration":1.499800000000505,"failureMessages":[],"meta":{}},{"ancestorTitles":["businessDomainApi",".getOne(id)"],"fullName":"businessDomainApi .getOne(id) fetches domain and unwraps envelope","status":"passed","title":"fetches domain and unwraps envelope","duration":1.464999999999236,"failureMessages":[],"meta":{}},{"ancestorTitles":["businessDomainApi",".getOne(id)"],"fullName":"businessDomainApi .getOne(id) handles flat envelope (no nested data key)","status":"passed","title":"handles flat envelope (no nested data key)","duration":0.876299999999901,"failureMessages":[],"meta":{}},{"ancestorTitles":["businessDomainApi",".getMany(params)"],"fullName":"businessDomainApi .getMany(params) sends GET with cleaned params","status":"passed","title":"sends GET with cleaned params","duration":10.618999999999687,"failureMessages":[],"meta":{}},{"ancestorTitles":["businessDomainApi",".getMany(params)"],"fullName":"businessDomainApi .getMany(params) returns results array and meta","status":"passed","title":"returns results array and meta","duration":2.0943999999999505,"failureMessages":[],"meta":{}}],"startTime":1783663519045,"endTime":1783663519143.0945,"status":"failed","message":"","name":"C:/PROJECT/yss_orbit/frontend/src/features/organization/businessDomain/api/__tests__/useBusinessDomains.test.ts"},{"assertionResults":[{"ancestorTitles":["BusinessDomainPermanentDeleteModal","Rendering"],"fullName":"BusinessDomainPermanentDeleteModal Rendering renders nothing when isOpen=false","status":"passed","title":"renders nothing when isOpen=false","duration":62.79210000000057,"failureMessages":[],"meta":{}},{"ancestorTitles":["BusinessDomainPermanentDeleteModal","Rendering"],"fullName":"BusinessDomainPermanentDeleteModal Rendering renders nothing when domain=null","status":"passed","title":"renders nothing when domain=null","duration":8.616500000000087,"failureMessages":[],"meta":{}},{"ancestorTitles":["BusinessDomainPermanentDeleteModal","Rendering"],"fullName":"BusinessDomainPermanentDeleteModal Rendering renders the dialog when isOpen=true and domain is set","status":"passed","title":"renders the dialog when isOpen=true and domain is set","duration":727.2986999999994,"failureMessages":[],"meta":{}},{"ancestorTitles":["BusinessDomainPermanentDeleteModal","Rendering"],"fullName":"BusinessDomainPermanentDeleteModal Rendering displays the domain name in the danger label","status":"passed","title":"displays the domain name in the danger label","duration":74.3687000000009,"failureMessages":[],"meta":{}},{"ancestorTitles":["BusinessDomainPermanentDeleteModal","Rendering"],"fullName":"BusinessDomainPermanentDeleteModal Rendering shows an irreversible warning","status":"passed","title":"shows an irreversible warning","duration":52.57790000000023,"failureMessages":[],"meta":{}},{"ancestorTitles":["BusinessDomainPermanentDeleteModal","Rendering"],"fullName":"BusinessDomainPermanentDeleteModal Rendering renders the confirmation input field","status":"passed","title":"renders the confirmation input field","duration":107.37119999999959,"failureMessages":[],"meta":{}},{"ancestorTitles":["BusinessDomainPermanentDeleteModal","Name confirmation logic"],"fullName":"BusinessDomainPermanentDeleteModal Name confirmation logic delete button is disabled initially (empty input)","status":"passed","title":"delete button is disabled initially (empty input)","duration":122.09729999999945,"failureMessages":[],"meta":{}},{"ancestorTitles":["BusinessDomainPermanentDeleteModal","Name confirmation logic"],"fullName":"BusinessDomainPermanentDeleteModal Name confirmation logic delete button remains disabled when input does NOT match (case-sensitive)","status":"passed","title":"delete button remains disabled when input does NOT match (case-sensitive)","duration":579.259,"failureMessages":[],"meta":{}},{"ancestorTitles":["BusinessDomainPermanentDeleteModal","Name confirmation logic"],"fullName":"BusinessDomainPermanentDeleteModal Name confirmation logic delete button remains disabled for partial input","status":"passed","title":"delete button remains disabled for partial input","duration":256.4380999999994,"failureMessages":[],"meta":{}},{"ancestorTitles":["BusinessDomainPermanentDeleteModal","Name confirmation logic"],"fullName":"BusinessDomainPermanentDeleteModal Name confirmation logic delete button is ENABLED when input exactly matches domain.name","status":"passed","title":"delete button is ENABLED when input exactly matches domain.name","duration":413.9447,"failureMessages":[],"meta":{}},{"ancestorTitles":["BusinessDomainPermanentDeleteModal","Name confirmation logic"],"fullName":"BusinessDomainPermanentDeleteModal Name confirmation logic shows \"Name does not match\" hint for wrong input","status":"passed","title":"shows \"Name does not match\" hint for wrong input","duration":432.1918999999998,"failureMessages":[],"meta":{}},{"ancestorTitles":["BusinessDomainPermanentDeleteModal","Name confirmation logic"],"fullName":"BusinessDomainPermanentDeleteModal Name confirmation logic shows confirmed hint when name matches","status":"passed","title":"shows confirmed hint when name matches","duration":394.91589999999997,"failureMessages":[],"meta":{}},{"ancestorTitles":["BusinessDomainPermanentDeleteModal","Delete action"],"fullName":"BusinessDomainPermanentDeleteModal Delete action calls permanentDeleteDomain with correct id and confirmationName on submit","status":"passed","title":"calls permanentDeleteDomain with correct id and confirmationName on submit","duration":466.21030000000064,"failureMessages":[],"meta":{}},{"ancestorTitles":["BusinessDomainPermanentDeleteModal","Delete action"],"fullName":"BusinessDomainPermanentDeleteModal Delete action calls onDeleted and onClose after successful deletion","status":"passed","title":"calls onDeleted and onClose after successful deletion","duration":352.1306000000004,"failureMessages":[],"meta":{}},{"ancestorTitles":["BusinessDomainPermanentDeleteModal","Delete action"],"fullName":"BusinessDomainPermanentDeleteModal Delete action does NOT call onDeleted when API call fails","status":"passed","title":"does NOT call onDeleted when API call fails","duration":313.60549999999967,"failureMessages":[],"meta":{}},{"ancestorTitles":["BusinessDomainPermanentDeleteModal","Cancel / close"],"fullName":"BusinessDomainPermanentDeleteModal Cancel / close calls onClose when Cancel button is clicked","status":"passed","title":"calls onClose when Cancel button is clicked","duration":45.4315000000006,"failureMessages":[],"meta":{}},{"ancestorTitles":["BusinessDomainPermanentDeleteModal","Cancel / close"],"fullName":"BusinessDomainPermanentDeleteModal Cancel / close calls onClose when X button is clicked","status":"passed","title":"calls onClose when X button is clicked","duration":61.830299999999625,"failureMessages":[],"meta":{}},{"ancestorTitles":["BusinessDomainPermanentDeleteModal","Cancel / close"],"fullName":"BusinessDomainPermanentDeleteModal Cancel / close calls onClose when Escape key is pressed","status":"passed","title":"calls onClose when Escape key is pressed","duration":31.56590000000142,"failureMessages":[],"meta":{}}],"startTime":1783663521484,"endTime":1783663525999.566,"status":"passed","message":"","name":"C:/PROJECT/yss_orbit/frontend/src/features/organization/businessDomain/components/__tests__/BusinessDomainPermanentDeleteModal.test.tsx"}]}
